<?xml version="1.0" encoding="UTF-8"?>
<!-- Generated by org.testng.reporters.JUnitReportReporter -->
<testsuite hostname="Anoops-MacBook-Air.local" failures="0" tests="1" name="bitsapi.CreateUserTest" time="2.652" errors="0" timestamp="2024-05-01T09:03:54 BST" skipped="0">
  <testcase classname="bitsapi.CreateUserTest" name="createUser" time="2.652"/>
  <system-out/>
</testsuite> <!-- bitsapi.CreateUserTest -->
